<?xml version="1.0"?><coverage lines-covered="23" lines-valid="44" line-rate="0.6278846153846154" branches-covered="0" branches-valid="0" branch-rate="0" complexity="0" version="1.9" timestamp="1597336805"><sources><source>/workspaces/blinky</source></sources><packages><package name="../../usr/local/rustup/toolchains/1.45.2-x86_64-unknown-linux-gnu/lib/rustlib/src/rust/src/libcore/fmt" line-rate="0" branch-rate="0" complexity="0"><classes><class name="mod" filename="../../usr/local/rustup/toolchains/1.45.2-x86_64-unknown-linux-gnu/lib/rustlib/src/rust/src/libcore/fmt/mod.rs" line-rate="0" branch-rate="0" complexity="0"><methods/><lines><line number="281" hits="0"/><line number="290" hits="0"/><line number="291" hits="0"/><line number="327" hits="0"/><line number="328" hits="0"/><line number="329" hits="0"/><line number="1981" hits="0"/></lines></class><class name="num" filename="../../usr/local/rustup/toolchains/1.45.2-x86_64-unknown-linux-gnu/lib/rustlib/src/rust/src/libcore/fmt/num.rs" line-rate="0" branch-rate="0" complexity="0"><methods/><lines><line number="148" hits="0"/><line number="149" hits="0"/><line number="150" hits="0"/><line number="151" hits="0"/><line number="152" hits="0"/><line number="154" hits="0"/><line number="156" hits="0"/></lines></class></classes></package><package name="../../usr/local/rustup/toolchains/1.45.2-x86_64-unknown-linux-gnu/lib/rustlib/src/rust/src/libcore/macros" line-rate="0.5" branch-rate="0" complexity="0"><classes><class name="mod" filename="../../usr/local/rustup/toolchains/1.45.2-x86_64-unknown-linux-gnu/lib/rustlib/src/rust/src/libcore/macros/mod.rs" line-rate="0.5" branch-rate="0" complexity="0"><methods/><lines><line number="61" hits="1"/><line number="62" hits="1"/><line number="63" hits="1"/><line number="67" hits="0"/><line number="69" hits="0"/><line number="70" hits="0"/></lines></class></classes></package><package name="../../usr/local/rustup/toolchains/1.45.2-x86_64-unknown-linux-gnu/lib/rustlib/src/rust/src/libstd/sys/unix/process" line-rate="1" branch-rate="0" complexity="0"><classes><class name="process_common" filename="../../usr/local/rustup/toolchains/1.45.2-x86_64-unknown-linux-gnu/lib/rustlib/src/rust/src/libstd/sys/unix/process/process_common.rs" line-rate="1" branch-rate="0" complexity="0"><methods/><lines><line number="398" hits="1"/><line number="399" hits="1"/><line number="400" hits="1"/></lines></class></classes></package><package name="src" line-rate="1" branch-rate="0" complexity="0"><classes><class name="main" filename="src/main.rs" line-rate="1" branch-rate="0" complexity="0"><methods/><lines><line number="49" hits="1"/><line number="50" hits="1"/><line number="58" hits="3"/><line number="59" hits="1"/></lines></class></classes></package><package name="../../usr/local/rustup/toolchains/1.45.2-x86_64-unknown-linux-gnu/lib/rustlib/src/rust/src/libcore/ops" line-rate="1" branch-rate="0" complexity="0"><classes><class name="function" filename="../../usr/local/rustup/toolchains/1.45.2-x86_64-unknown-linux-gnu/lib/rustlib/src/rust/src/libcore/ops/function.rs" line-rate="1" branch-rate="0" complexity="0"><methods/><lines><line number="232" hits="2"/></lines></class></classes></package><package name="../../usr/local/rustup/toolchains/1.45.2-x86_64-unknown-linux-gnu/lib/rustlib/src/rust/src/libstd" line-rate="0.9230769230769231" branch-rate="0" complexity="0"><classes><class name="macros" filename="../../usr/local/rustup/toolchains/1.45.2-x86_64-unknown-linux-gnu/lib/rustlib/src/rust/src/libstd/macros.rs" line-rate="0" branch-rate="0" complexity="0"><methods/><lines><line number="16" hits="0"/></lines></class><class name="process" filename="../../usr/local/rustup/toolchains/1.45.2-x86_64-unknown-linux-gnu/lib/rustlib/src/rust/src/libstd/process.rs" line-rate="1" branch-rate="0" complexity="0"><methods/><lines><line number="1667" hits="1"/><line number="1668" hits="1"/><line number="1669" hits="1"/><line number="1701" hits="1"/><line number="1702" hits="1"/><line number="1703" hits="1"/></lines></class><class name="rt" filename="../../usr/local/rustup/toolchains/1.45.2-x86_64-unknown-linux-gnu/lib/rustlib/src/rust/src/libstd/rt.rs" line-rate="1" branch-rate="0" complexity="0"><methods/><lines><line number="62" hits="1"/><line number="67" hits="3"/><line number="68" hits="1"/></lines></class></classes></package><package name="../../usr/local/rustup/toolchains/1.45.2-x86_64-unknown-linux-gnu/lib/rustlib/src/rust/src/libtest" line-rate="0.6" branch-rate="0" complexity="0"><classes><class name="lib" filename="../../usr/local/rustup/toolchains/1.45.2-x86_64-unknown-linux-gnu/lib/rustlib/src/rust/src/libtest/lib.rs" line-rate="0.6" branch-rate="0" complexity="0"><methods/><lines><line number="189" hits="1"/><line number="190" hits="1"/><line number="193" hits="0"/><line number="195" hits="0"/><line number="197" hits="1"/></lines></class></classes></package><package name="../../usr/local/rustup/toolchains/1.45.2-x86_64-unknown-linux-gnu/lib/rustlib/src/rust/src/libcore/ptr" line-rate="0" branch-rate="0" complexity="0"><classes><class name="mod" filename="../../usr/local/rustup/toolchains/1.45.2-x86_64-unknown-linux-gnu/lib/rustlib/src/rust/src/libcore/ptr/mod.rs" line-rate="0" branch-rate="0" complexity="0"><methods/><lines><line number="184" hits="0"/></lines></class></classes></package></packages></coverage>