<?xml version="1.0"?><coverage lines-covered="4" lines-valid="4" line-rate="1" branches-covered="0" branches-valid="0" branch-rate="0" complexity="0" version="1.9" timestamp="1597354384"><sources><source>/workspaces/blinky</source></sources><packages><package name="src" line-rate="1" branch-rate="0" complexity="0"><classes><class name="main" filename="src/main.rs" line-rate="1" branch-rate="0" complexity="0"><methods/><lines><line number="53" hits="1"/><line number="54" hits="1"/><line number="64" hits="3"/><line number="65" hits="1"/></lines></class></classes></package></packages></coverage>